Thread-3(B) read: 1004 message: Event at Sun Apr 21 05:47:37 EDT 2019 via Thread-4
Thread-6(C) read: 1003 message: Event at Sun Apr 21 05:47:37 EDT 2019 via Thread-8
Thread-2(A) read: 1005 message: Event at Sun Apr 21 05:47:37 EDT 2019 via Thread-3
Thread-4(B) read: 1001 message: Event at Sun Apr 21 05:47:37 EDT 2019 via Thread-7
Thread-5(B) read: 1009 message: Event at Sun Apr 21 05:47:37 EDT 2019 via Thread-5
Thread-1(A) read: 1002 message: Event at Sun Apr 21 05:47:37 EDT 2019 via Thread-2
Thread-5(B) read: 1007 message: Event at Sun Apr 21 05:47:37 EDT 2019 via Thread-6
Thread-2(A) read: 1010 message: Event at Sun Apr 21 05:47:37 EDT 2019 via Thread-3
Thread-1(A) read: 1006 message: Event at Sun Apr 21 05:47:37 EDT 2019 via Thread-1
Thread-3(B) read: 1018 message: Event at Sun Apr 21 05:47:37 EDT 2019 via Thread-5
Thread-4(B) read: 1017 message: Event at Sun Apr 21 05:47:37 EDT 2019 via Thread-7
Thread-6(C) read: 1008 message: Event at Sun Apr 21 05:47:37 EDT 2019 via Thread-9
Thread-5(B) read: 1016 message: Event at Sun Apr 21 05:47:37 EDT 2019 via Thread-4
Thread-2(A) read: 1012 message: Event at Sun Apr 21 05:47:37 EDT 2019 via Thread-2
Thread-1(A) read: 1013 message: Event at Sun Apr 21 05:47:37 EDT 2019 via Thread-1
Thread-4(B) read: 1019 message: Event at Sun Apr 21 05:47:37 EDT 2019 via Thread-7
Thread-3(B) read: 1014 message: Event at Sun Apr 21 05:47:37 EDT 2019 via Thread-6
Thread-6(C) read: 1015 message: Event at Sun Apr 21 05:47:37 EDT 2019 via Thread-9
Thread-4(B) read: 1020 message: Event at Sun Apr 21 05:47:37 EDT 2019 via Thread-4
Thread-5(B) read: 1021 message: Event at Sun Apr 21 05:47:37 EDT 2019 via Thread-5
Thread-2(A) read: 1023 message: Event at Sun Apr 21 05:47:37 EDT 2019 via Thread-2
Thread-3(B) read: 1022 message: Event at Sun Apr 21 05:47:37 EDT 2019 via Thread-6
Thread-1(A) read: 1027 message: Event at Sun Apr 21 05:47:37 EDT 2019 via Thread-1
Thread-6(C) read: 1011 message: Event at Sun Apr 21 05:47:37 EDT 2019 via Thread-8
Thread-4(B) read: 1030 message: Event at Sun Apr 21 05:47:37 EDT 2019 via Thread-7
Thread-5(B) read: 1029 message: Event at Sun Apr 21 05:47:37 EDT 2019 via Thread-5
Thread-2(A) read: 1025 message: Event at Sun Apr 21 05:47:37 EDT 2019 via Thread-3
Thread-3(B) read: 1033 message: Event at Sun Apr 21 05:47:37 EDT 2019 via Thread-4
Thread-1(A) read: 1028 message: Event at Sun Apr 21 05:47:37 EDT 2019 via Thread-2
Thread-6(C) read: 1026 message: Event at Sun Apr 21 05:47:37 EDT 2019 via Thread-8
Thread-2(A) read: 1034 message: Event at Sun Apr 21 05:47:37 EDT 2019 via Thread-3
Thread-6(C) read: 1024 message: Event at Sun Apr 21 05:47:37 EDT 2019 via Thread-9
Thread-4(B) read: 1031 message: Event at Sun Apr 21 05:47:37 EDT 2019 via Thread-6
Thread-1(A) read: 1032 message: Event at Sun Apr 21 05:47:37 EDT 2019 via Thread-1
Thread-5(B) read: 1043 message: Event at Sun Apr 21 05:47:37 EDT 2019 via Thread-5
Thread-3(B) read: 1045 message: Event at Sun Apr 21 05:47:37 EDT 2019 via Thread-6
Thread-2(A) read: 1037 message: Event at Sun Apr 21 05:47:37 EDT 2019 via Thread-2
Thread-1(A) read: 1040 message: Event at Sun Apr 21 05:47:37 EDT 2019 via Thread-1
Thread-4(B) read: 1044 message: Event at Sun Apr 21 05:47:37 EDT 2019 via Thread-7
Thread-6(C) read: 1036 message: Event at Sun Apr 21 05:47:37 EDT 2019 via Thread-9
Thread-5(B) read: 1039 message: Event at Sun Apr 21 05:47:37 EDT 2019 via Thread-4
Exception in Reader Thread-3 (B): java.util.NoSuchElementException
Thread-6(C) read: 1035 message: Event at Sun Apr 21 05:47:37 EDT 2019 via Thread-8
Exception in Reader Thread-4 (B): java.util.NoSuchElementException
Exception in Reader Thread-5 (B): java.util.NoSuchElementException
Exception in Reader Thread-1 (A): java.util.NoSuchElementException
Thread-2(A) read: 1038 message: Event at Sun Apr 21 05:47:37 EDT 2019 via Thread-3
Thread-6(C) read: 1042 message: Event at Sun Apr 21 05:47:37 EDT 2019 via Thread-8
Exception in Reader Thread-2 (A): java.util.NoSuchElementException
Thread-6(C) read: 1041 message: Event at Sun Apr 21 05:47:37 EDT 2019 via Thread-9
Exception in Reader Thread-6 (C): java.util.NoSuchElementException
